                                 Started job on |	Feb 06 20:01:31
                             Started mapping on |	Feb 06 20:01:39
                                    Finished on |	Feb 06 20:02:09
       Mapping speed, Million of reads per hour |	123.96

                          Number of input reads |	1032976
                      Average input read length |	198
                                    UNIQUE READS:
                   Uniquely mapped reads number |	36812
                        Uniquely mapped reads % |	3.56%
                          Average mapped length |	184.37
                       Number of splices: Total |	9240
            Number of splices: Annotated (sjdb) |	0
                       Number of splices: GT/AG |	9061
                       Number of splices: GC/AG |	62
                       Number of splices: AT/AC |	3
               Number of splices: Non-canonical |	114
                      Mismatch rate per base, % |	1.16%
                         Deletion rate per base |	0.02%
                        Deletion average length |	1.45
                        Insertion rate per base |	0.01%
                       Insertion average length |	1.29
                             MULTI-MAPPING READS:
        Number of reads mapped to multiple loci |	15564
             % of reads mapped to multiple loci |	1.51%
        Number of reads mapped to too many loci |	865
             % of reads mapped to too many loci |	0.08%
                                  UNMAPPED READS:
  Number of reads unmapped: too many mismatches |	0
       % of reads unmapped: too many mismatches |	0.00%
            Number of reads unmapped: too short |	979602
                 % of reads unmapped: too short |	94.83%
                Number of reads unmapped: other |	133
                     % of reads unmapped: other |	0.01%
                                  CHIMERIC READS:
                       Number of chimeric reads |	0
                            % of chimeric reads |	0.00%
